#0 building with "default" instance using docker driver

#1 [internal] load build definition from Dockerfile
#1 transferring dockerfile: 1.25kB done
#1 DONE 0.0s

#2 [internal] load metadata for docker.io/library/clearlinux:latest
#2 DONE 0.4s

#3 [internal] load .dockerignore
#3 transferring context: 2B done
#3 DONE 0.0s

#4 [1/9] FROM docker.io/library/clearlinux:latest@sha256:4451f0afe7c5914057d3b895fd951c60b4c2a0bf94e623b8dfaa1471f440c98c
#4 DONE 0.0s

#5 [internal] load build context
#5 transferring context: 1.67kB done
#5 DONE 0.0s

#6 [3/9] RUN swupd bundle-add make c-basic os-core-dev devpkg-openssl
#6 CACHED

#7 [7/9] RUN chown -R fastaf:fastaf /build
#7 CACHED

#8 [2/9] RUN swupd update
#8 CACHED

#9 [4/9] COPY ./conf/sysctl.conf /etc/sysctl.conf
#9 CACHED

#10 [6/9] RUN useradd -s /bin/bash fastaf
#10 CACHED

#11 [5/9] COPY ./build /build
#11 CACHED

#12 [8/9] WORKDIR /build
#12 CACHED

#13 [9/9] RUN make
#13 0.167 gcc -std=gnu23 -Wall -Wextra -Werror -fwrapv -static -Ofast -ffast-math -fopt-info-vec-all -march=native -static -fomit-frame-pointer -flto -c srcs/fastaf.c -o objs/fastaf.o
#13 0.251 In file included from srcs/headers/fastaf.h:21,
#13 0.251                  from srcs/fastaf.c:13:
#13 0.251 srcs/headers/rest.h:44:24: error: inline function 'handle_rest_connection' declared but never defined [-Werror]
#13 0.251    44 | extern inline bool HOT handle_rest_connection(const rest_client_t *restrict client, const uint8_t events, const dns_resolver_t *restrict resolver);
#13 0.251       |                        ^~~~~~~~~~~~~~~~~~~~~~
#13 0.251 In file included from srcs/headers/fastaf.h:20:
#13 0.251 srcs/headers/ws.h:55:24: error: inline function 'handle_ws_connection' declared but never defined [-Werror]
#13 0.251    55 | extern inline bool HOT handle_ws_connection(const ws_client_t *restrict client, const uint8_t events, const dns_resolver_t *restrict resolver);
#13 0.251       |                        ^~~~~~~~~~~~~~~~~~~~
#13 0.251 In file included from srcs/headers/fastaf.h:19:
#13 0.251 srcs/headers/fix.h:137:24: error: inline function 'handle_fix_connection' declared but never defined [-Werror]
#13 0.251   137 | extern inline bool HOT handle_fix_connection(const fix_client_t *restrict client, const uint8_t events, const dns_resolver_t *restrict resolver);
#13 0.251       |                        ^~~~~~~~~~~~~~~~~~~~~
#13 0.251 In file included from srcs/headers/fix.h:28:
#13 0.251 srcs/headers/fixed_point.h:30:47: error: inline function 'fast_div' declared but never defined [-Werror]
#13 0.251    30 | extern inline fixed_point_t HOT ALWAYS_INLINE fast_div(const fixed_point_t a, const fixed_point_t b);
#13 0.251       |                                               ^~~~~~~~
#13 0.251 srcs/headers/fixed_point.h:29:47: error: inline function 'fast_mul' declared but never defined [-Werror]
#13 0.251    29 | extern inline fixed_point_t HOT ALWAYS_INLINE fast_mul(const fixed_point_t a, const fixed_point_t b);
#13 0.251       |                                               ^~~~~~~~
#13 0.251 srcs/headers/fixed_point.h:28:47: error: inline function 'fast_sub' declared but never defined [-Werror]
#13 0.251    28 | extern inline fixed_point_t HOT ALWAYS_INLINE fast_sub(const fixed_point_t a, const fixed_point_t b);
#13 0.251       |                                               ^~~~~~~~
#13 0.251 srcs/headers/fixed_point.h:27:47: error: inline function 'fast_add' declared but never defined [-Werror]
#13 0.251    27 | extern inline fixed_point_t HOT ALWAYS_INLINE fast_add(const fixed_point_t a, const fixed_point_t b);
#13 0.251       |                                               ^~~~~~~~
#13 0.251 In file included from srcs/headers/fastaf.h:18:
#13 0.251 srcs/headers/signals.h:24:24: error: inline function 'handle_signal' declared but never defined [-Werror]
#13 0.251    24 | extern inline void HOT handle_signal(const uint8_t events);
#13 0.251       |                        ^~~~~~~~~~~~~
#13 0.251 In file included from srcs/headers/fastaf.h:17:
#13 0.251 srcs/headers/errors.h:23:38: error: inline function 'fast_assert' declared but never defined [-Werror]
#13 0.251    23 | extern inline void HOT ALWAYS_INLINE fast_assert(const bool condition, const char *restrict msg, const uint8_t len);
#13 0.251       |                                      ^~~~~~~~~~~
#13 0.251 In file included from srcs/headers/fastaf.h:16:
#13 0.251 srcs/headers/logger.h:38:24: error: inline function 'handle_logs' declared but never defined [-Werror]
#13 0.251    38 | extern inline void HOT handle_logs(const uint8_t events);
#13 0.251       |                        ^~~~~~~~~~~
#13 0.265 cc1: all warnings being treated as errors
#13 0.267 make: *** [Makefile:66: objs/fastaf.o] Error 1
#13 ERROR: process "/bin/sh -c make" did not complete successfully: exit code: 2
------
 > [9/9] RUN make:
0.251 In file included from srcs/headers/fastaf.h:17:
0.251 srcs/headers/errors.h:23:38: error: inline function 'fast_assert' declared but never defined [-Werror]
0.251    23 | extern inline void HOT ALWAYS_INLINE fast_assert(const bool condition, const char *restrict msg, const uint8_t len);
0.251       |                                      ^~~~~~~~~~~
0.251 In file included from srcs/headers/fastaf.h:16:
0.251 srcs/headers/logger.h:38:24: error: inline function 'handle_logs' declared but never defined [-Werror]
0.251    38 | extern inline void HOT handle_logs(const uint8_t events);
0.251       |                        ^~~~~~~~~~~
0.265 cc1: all warnings being treated as errors
0.267 make: *** [Makefile:66: objs/fastaf.o] Error 1
------
Dockerfile:25
--------------------
  23 |     
  24 |     WORKDIR /build
  25 | >>> RUN make
  26 |     
  27 |     ENTRYPOINT ["sysctl", "-p"]
--------------------
ERROR: failed to solve: process "/bin/sh -c make" did not complete successfully: exit code: 2
make: *** [Makefile:21: build] Error 1
